<?xml version="1.0" encoding="UTF-8" ?>
<testsuite failures="0" time="0.287" errors="0" skipped="0" tests="13" name="com.kesstec.MockitoLearningTest">
  <properties>
    <property name="java.runtime.name" value="Java(TM) SE Runtime Environment"/>
    <property name="sun.boot.library.path" value="/System/Library/Frameworks/JavaVM.framework/Versions/1.6.0/Libraries"/>
    <property name="java.vm.version" value="16.3-b01-279"/>
    <property name="awt.nativeDoubleBuffering" value="true"/>
    <property name="gopherProxySet" value="false"/>
    <property name="mrj.build" value="9M3165"/>
    <property name="java.vm.vendor" value="Apple Inc."/>
    <property name="java.vendor.url" value="http://www.apple.com/"/>
    <property name="path.separator" value=":"/>
    <property name="java.vm.name" value="Java HotSpot(TM) 64-Bit Server VM"/>
    <property name="file.encoding.pkg" value="sun.io"/>
    <property name="user.country" value="US"/>
    <property name="sun.java.launcher" value="SUN_STANDARD"/>
    <property name="sun.os.patch.level" value="unknown"/>
    <property name="java.vm.specification.name" value="Java Virtual Machine Specification"/>
    <property name="user.dir" value="/Users/dave/commons/mockito-learning"/>
    <property name="java.runtime.version" value="1.6.0_20-b02-279-9M3165"/>
    <property name="java.awt.graphicsenv" value="apple.awt.CGraphicsEnvironment"/>
    <property name="basedir" value="/Users/dave/commons/mockito-learning"/>
    <property name="java.endorsed.dirs" value="/System/Library/Frameworks/JavaVM.framework/Versions/1.6.0/Home/lib/endorsed"/>
    <property name="os.arch" value="x86_64"/>
    <property name="surefire.real.class.path" value="/var/folders/-M/-MuK9chUFZG5GAwjGb2LI++++TI/-Tmp-/surefirebooter5480867698491416107.jar"/>
    <property name="java.io.tmpdir" value="/var/folders/-M/-MuK9chUFZG5GAwjGb2LI++++TI/-Tmp-/"/>
    <property name="line.separator" value="
"/>
    <property name="java.vm.specification.vendor" value="Sun Microsystems Inc."/>
    <property name="os.name" value="Mac OS X"/>
    <property name="sun.jnu.encoding" value="MacRoman"/>
    <property name="java.library.path" value=".:/Library/Java/Extensions:/System/Library/Java/Extensions:/usr/lib/java"/>
    <property name="surefire.test.class.path" value="/Users/dave/commons/mockito-learning/target/test-classes:/Users/dave/commons/mockito-learning/target/classes:/Users/dave/.m2/repository/junit/junit/4.8.1/junit-4.8.1.jar:/Users/dave/.m2/repository/org/mockito/mockito-core/1.8.5/mockito-core-1.8.5.jar:/Users/dave/.m2/repository/org/hamcrest/hamcrest-core/1.1/hamcrest-core-1.1.jar:/Users/dave/.m2/repository/org/objenesis/objenesis/1.0/objenesis-1.0.jar:"/>
    <property name="java.specification.name" value="Java Platform API Specification"/>
    <property name="java.class.version" value="50.0"/>
    <property name="sun.management.compiler" value="HotSpot 64-Bit Server Compiler"/>
    <property name="os.version" value="10.5.8"/>
    <property name="http.nonProxyHosts" value="local|*.local|169.254/16|*.169.254/16"/>
    <property name="user.home" value="/Users/dave"/>
    <property name="user.timezone" value=""/>
    <property name="java.awt.printerjob" value="apple.awt.CPrinterJob"/>
    <property name="java.specification.version" value="1.6"/>
    <property name="file.encoding" value="MacRoman"/>
    <property name="user.name" value="dave"/>
    <property name="java.class.path" value="/Users/dave/commons/mockito-learning/target/test-classes:/Users/dave/commons/mockito-learning/target/classes:/Users/dave/.m2/repository/junit/junit/4.8.1/junit-4.8.1.jar:/Users/dave/.m2/repository/org/mockito/mockito-core/1.8.5/mockito-core-1.8.5.jar:/Users/dave/.m2/repository/org/hamcrest/hamcrest-core/1.1/hamcrest-core-1.1.jar:/Users/dave/.m2/repository/org/objenesis/objenesis/1.0/objenesis-1.0.jar:"/>
    <property name="java.vm.specification.version" value="1.0"/>
    <property name="sun.arch.data.model" value="64"/>
    <property name="java.home" value="/System/Library/Frameworks/JavaVM.framework/Versions/1.6.0/Home"/>
    <property name="java.specification.vendor" value="Sun Microsystems Inc."/>
    <property name="user.language" value="en"/>
    <property name="awt.toolkit" value="apple.awt.CToolkit"/>
    <property name="java.vm.info" value="mixed mode"/>
    <property name="java.version" value="1.6.0_20"/>
    <property name="java.ext.dirs" value="/Library/Java/Extensions:/System/Library/Java/Extensions:/System/Library/Frameworks/JavaVM.framework/Versions/1.6.0/Home/lib/ext"/>
    <property name="sun.boot.class.path" value="/System/Library/Frameworks/JavaVM.framework/Versions/1.6.0/Classes/jsfd.jar:/System/Library/Frameworks/JavaVM.framework/Versions/1.6.0/Classes/classes.jar:/System/Library/Frameworks/JavaVM.framework/Frameworks/JavaRuntimeSupport.framework/Resources/Java/JavaRuntimeSupport.jar:/System/Library/Frameworks/JavaVM.framework/Versions/1.6.0/Classes/ui.jar:/System/Library/Frameworks/JavaVM.framework/Versions/1.6.0/Classes/laf.jar:/System/Library/Frameworks/JavaVM.framework/Versions/1.6.0/Classes/sunrsasign.jar:/System/Library/Frameworks/JavaVM.framework/Versions/1.6.0/Classes/jsse.jar:/System/Library/Frameworks/JavaVM.framework/Versions/1.6.0/Classes/jce.jar:/System/Library/Frameworks/JavaVM.framework/Versions/1.6.0/Classes/charsets.jar"/>
    <property name="java.vendor" value="Apple Inc."/>
    <property name="localRepository" value="/Users/dave/.m2/repository"/>
    <property name="file.separator" value="/"/>
    <property name="java.vendor.url.bug" value="http://bugreport.apple.com/"/>
    <property name="sun.cpu.endian" value="little"/>
    <property name="sun.io.unicode.encoding" value="UnicodeLittle"/>
    <property name="mrj.version" value="1050.1.6.0_20-279"/>
    <property name="socksNonProxyHosts" value="local|*.local|169.254/16|*.169.254/16"/>
    <property name="ftp.nonProxyHosts" value="local|*.local|169.254/16|*.169.254/16"/>
    <property name="sun.cpu.isalist" value=""/>
  </properties>
  <testcase time="0.191" classname="com.kesstec.MockitoLearningTest" name="testInterfaceMock"/>
  <testcase time="0.009" classname="com.kesstec.MockitoLearningTest" name="testImplMock"/>
  <testcase time="0.015" classname="com.kesstec.MockitoLearningTest" name="testDefaultValues"/>
  <testcase time="0.007" classname="com.kesstec.MockitoLearningTest" name="testWhen"/>
  <testcase time="0.01" classname="com.kesstec.MockitoLearningTest" name="testVerify"/>
  <testcase time="0.001" classname="com.kesstec.MockitoLearningTest" name="testVerifyTimes"/>
  <testcase time="0.004" classname="com.kesstec.MockitoLearningTest" name="testVerifyAtLeastOnce"/>
  <testcase time="0.002" classname="com.kesstec.MockitoLearningTest" name="testVerifyNoMoreInteractions"/>
  <testcase time="0.004" classname="com.kesstec.MockitoLearningTest" name="testThenThrow"/>
  <testcase time="0.003" classname="com.kesstec.MockitoLearningTest" name="testDoThrow"/>
  <testcase time="0.002" classname="com.kesstec.MockitoLearningTest" name="testCheckAgeOf_UnderAge"/>
  <testcase time="0.001" classname="com.kesstec.MockitoLearningTest" name="testCheckAgeOf_OfAge"/>
  <testcase time="0.001" classname="com.kesstec.MockitoLearningTest" name="testCheckAgeOf_Null"/>
</testsuite>